
               __    _____           __         
   _______  __/ /_  / __(_)___  ____/ /__  _____
  / ___/ / / / __ \/ /_/ / __ \/ __  / _ \/ ___/
 (__  ) /_/ / /_/ / __/ / / / / /_/ /  __/ /    
/____/\__,_/_.___/_/ /_/_/ /_/\__,_/\___/_/

		projectdiscovery.io


    __    __  __       _  __
   / /_  / /_/ /_____ | |/ /
  / __ \/ __/ __/ __ \|   /
 / / / / /_/ /_/ /_/ /   |
/_/ /_/\__/\__/ .___/_/|_|
             /_/

		projectdiscovery.io

[[34mINF[0m] Current httpx version v1.9.0 ([92mlatest[0m)
[[93mWRN[0m] UI Dashboard is disabled, Use -dashboard option to enable
[[34mINF[0m] Current subfinder version v2.13.0 ([91moutdated[0m)
[[34mINF[0m] Loading provider config from /home/fdln25/.config/subfinder/provider-config.yaml
[[34mINF[0m] Enumerating subdomains for tesla.com
[[34mINF[0m] Found 880 subdomains for tesla.com in 31 seconds 477 milliseconds

               __    _____           __         
   _______  __/ /_  / __(_)___  ____/ /__  _____
  / ___/ / / / __ \/ /_/ / __ \/ __  / _ \/ ___/
 (__  ) /_/ / /_/ / __/ / / / / /_/ /  __/ /    
/____/\__,_/_.___/_/ /_/_/ /_/\__,_/\___/_/

		projectdiscovery.io


    __    __  __       _  __
   / /_  / /_/ /_____ | |/ /
  / __ \/ __/ __/ __ \|   /
 / / / / /_/ /_/ /_/ /   |
/_/ /_/\__/\__/ .___/_/|_|
             /_/

		projectdiscovery.io

[[34mINF[0m] Current httpx version v1.9.0 ([92mlatest[0m)
[[93mWRN[0m] UI Dashboard is disabled, Use -dashboard option to enable
[[34mINF[0m] Current subfinder version v2.13.0 ([91moutdated[0m)
[[34mINF[0m] Loading provider config from /home/fdln25/.config/subfinder/provider-config.yaml
[[34mINF[0m] Enumerating subdomains for tiktok.com
[[34mINF[0m] Found 174 subdomains for tiktok.com in 30 seconds 1 millisecond

               __    _____           __         
   _______  __/ /_  / __(_)___  ____/ /__  _____
  / ___/ / / / __ \/ /_/ / __ \/ __  / _ \/ ___/
 (__  ) /_/ / /_/ / __/ / / / / /_/ /  __/ /    
/____/\__,_/_.___/_/ /_/_/ /_/\__,_/\___/_/

		projectdiscovery.io


    __    __  __       _  __
   / /_  / /_/ /_____ | |/ /
  / __ \/ __/ __/ __ \|   /
 / / / / /_/ /_/ /_/ /   |
/_/ /_/\__/\__/ .___/_/|_|
             /_/

		projectdiscovery.io

[[34mINF[0m] Current httpx version v1.9.0 ([92mlatest[0m)
[[93mWRN[0m] UI Dashboard is disabled, Use -dashboard option to enable
[[34mINF[0m] Current subfinder version v2.13.0 ([91moutdated[0m)
[[34mINF[0m] Loading provider config from /home/fdln25/.config/subfinder/provider-config.yaml
[[34mINF[0m] Enumerating subdomains for pinterest.com
[[34mINF[0m] Found 428 subdomains for pinterest.com in 15 seconds 253 milliseconds

    __    __  __       _  __
   / /_  / /_/ /_____ | |/ /
  / __ \/ __/ __/ __ \|   /
 / / / / /_/ /_/ /_/ /   |
/_/ /_/\__/\__/ .___/_/|_|
             /_/

		projectdiscovery.io


               __    _____           __         
   _______  __/ /_  / __(_)___  ____/ /__  _____
  / ___/ / / / __ \/ /_/ / __ \/ __  / _ \/ ___/
 (__  ) /_/ / /_/ / __/ / / / / /_/ /  __/ /    
/____/\__,_/_.___/_/ /_/_/ /_/\__,_/\___/_/

		projectdiscovery.io

[[34mINF[0m] Current subfinder version v2.13.0 ([91moutdated[0m)
[[34mINF[0m] Loading provider config from /home/fdln25/.config/subfinder/provider-config.yaml
[[34mINF[0m] Enumerating subdomains for shopee.com
[[34mINF[0m] Current httpx version v1.9.0 ([92mlatest[0m)
[[93mWRN[0m] UI Dashboard is disabled, Use -dashboard option to enable
[[34mINF[0m] Found 892 subdomains for shopee.com in 12 seconds 988 milliseconds

               __    _____           __         
   _______  __/ /_  / __(_)___  ____/ /__  _____
  / ___/ / / / __ \/ /_/ / __ \/ __  / _ \/ ___/
 (__  ) /_/ / /_/ / __/ / / / / /_/ /  __/ /    
/____/\__,_/_.___/_/ /_/_/ /_/\__,_/\___/_/

		projectdiscovery.io


    __    __  __       _  __
   / /_  / /_/ /_____ | |/ /
  / __ \/ __/ __/ __ \|   /
 / / / / /_/ /_/ /_/ /   |
/_/ /_/\__/\__/ .___/_/|_|
             /_/

		projectdiscovery.io

[[34mINF[0m] Current httpx version v1.9.0 ([92mlatest[0m)
[[93mWRN[0m] UI Dashboard is disabled, Use -dashboard option to enable
[[34mINF[0m] Current subfinder version v2.13.0 ([91moutdated[0m)
[[34mINF[0m] Loading provider config from /home/fdln25/.config/subfinder/provider-config.yaml
[[34mINF[0m] Enumerating subdomains for grab.com
[[34mINF[0m] Found 13443 subdomains for grab.com in 3 minutes 19 seconds
[[34mINF[0m] CTRL+C pressed: Exiting
